<?xml version="1.0" encoding="UTF-8"?>
<testng-results skipped="0" failed="0" total="1" passed="1">
  <reporter-output>
  </reporter-output>
  <suite name="Default suite" duration-ms="9623" started-at="2017-03-07T06:29:10Z" finished-at="2017-03-07T06:29:20Z">
    <groups>
    </groups>
    <test name="Default test" duration-ms="9623" started-at="2017-03-07T06:29:10Z" finished-at="2017-03-07T06:29:20Z">
      <class name="com.ogilvy.login.AppTest">
        <test-method status="PASS" signature="login()[pri:0, instance:com.ogilvy.login.AppTest@5f375618]" name="login" duration-ms="9602" started-at="2017-03-07T11:59:10Z" finished-at="2017-03-07T11:59:20Z">
          <reporter-output>
          </reporter-output>
        </test-method> <!-- login -->
      </class> <!-- com.ogilvy.login.AppTest -->
    </test> <!-- Default test -->
  </suite> <!-- Default suite -->
</testng-results>
